-------------------------------------------------------------------------------
Test set: Google search functionality
-------------------------------------------------------------------------------
Tests run: 1, Failures: 1, Errors: 0, Skipped: 0, Time elapsed: 19.398 s <<< FAILURE! - in Google search functionality
Google search functionality.Search functionality result title verification #2  Time elapsed: 19.398 s  <<< FAILURE!
org.junit.ComparisonFailure: Title is not as expected! expected:<apple - Google[ Search]> but was:<apple - Google['da Ara]>

